2020-07-09 15:46:13,069:INFO:osr2mp4.osr2mp4.Osr2mp4:__init__:test
2020-07-09 15:46:13,134:TRACE:osr2mp4.Utils.Setup:setupglobals:CALL *({'osu! path': '/Users/yuitora./Documents/osu!.app/Contents/Resources/drive_c/osu!', 'Skin path': '/Users/yuitora./Downloads/shige', 'Beatmap path': '/Users/yuitora./Downloads/logic', '.osr path': '/Users/yuitora./Downloads/logic.osr', 'Default skin path': '', 'Output path': '/Users/yuitora./PycharmProjects/osr2mp4-core/output.mkv', 'Width': 1920, 'Height': 1080, 'FPS': 60, 'Start time': 0, 'End time': 5, 'Video codec': 'X264', 'Process': 2, 'ffmpeg path': 'ffmpeg'}, {'Cursor size': 1, 'In-game interface': True, 'Show scoreboard': True, 'Background dim': 100, 'Always show key overlay': True, 'Automatic cursor size': False, 'Rotate sliderball': False, 'Enable PP counter': True, 'Score meter size': 1.25, 'Song volume': 50, 'Effect volume': 100, 'Ignore beatmap hitsounds': False, "Use skin's sound samples": False, 'Global leaderboard': True, 'Mods leaderboard': 'HD', 'api key': 'b3a4c5add6bcd6c4e75613ea1b8caf663daa6402'}, <osr2mp4.osrparse.replay.Replay object at 0x10ff71990>, <osr2mp4.global_var.Settings object at 0x10721be10>) **{}
2020-07-09 15:46:13,136:TRACE:root:read:{'Name': '-+ Seoul v9 Personal Skin', 'Author': 'Seouless', 'CursorRotate': '0', 'CursorExpand': '0', 'CursorCentre': '1', 'HitCircleOverlayAboveNumer': '1', 'SliderStyle': '2', 'Version': 'latest', 'AllowSliderBallTint': '1'}
2020-07-09 15:46:13,136:TRACE:root:read:{'Combo1': '221, 81, 81', 'Combo2': '160, 131, 226', 'Combo3': '115, 210, 135', 'Combo4': '99, 140, 234', 'MenuGlow': '250, 140, 166', 'SliderBorder': '50, 50, 60', 'SliderTrackOverride': '26, 29, 31', 'SpinnerApproachCircle': '255,255,255', 'SongSelectActiveText': '255,255,255', 'SongSelectInactiveText': '160,160,160', 'InputOverlayText': '74, 137, 222'}
2020-07-09 15:46:13,136:TRACE:root:read:{'HitCirclePrefix': 'default', 'HitCircleOverlap': '15', 'ScorePrefix': 'score', 'ScoreOverlap': '8'}
2020-07-09 15:46:13,136:TRACE:osr2mp4.Utils.Setup:setupglobals:RETURN None
2020-07-09 15:46:13,136:TRACE:osr2mp4.Utils.HashBeatmap:get_osu:CALL *('/Users/yuitora./Downloads/logic/', '9b1c1957460860578226a6e48521d56a') **{}
2020-07-09 15:46:13,157:TRACE:osr2mp4.Utils.HashBeatmap:get_osu:RETURN '/Users/yuitora./Downloads/logic/a_hisa - Logical Stimulus (Naidaaka) [owo].osu'
2020-07-09 15:46:13,473:TRACE:root:__init__:Settings vars {'skin_path': '/Users/yuitora./Downloads/shige/', 'default_path': 'osr2mp4/res/default/', 'skin_ini': <osr2mp4.Parser.skinparser.Skin object at 0x11915ed50>, 'default_skin_ini': <osr2mp4.Parser.skinparser.Skin object at 0x11915ed50>, 'format': '.png', 'x2': '@2x', 'ffmpeg': 'ffmpeg', 'output': '/Users/yuitora./PycharmProjects/osr2mp4-core/output.mkv', 'beatmap': '/Users/yuitora./Downloads/logic/', 'osu': '/Users/yuitora./Documents/osu!.app/Contents/Resources/drive_c/osu!/', 'path': 'osr2mp4/', 'temp': 'osr2mp4/8d9e5fcc-c1ea-11ea-a1bb-f01898109583temp/', 'width': 1920, 'height': 1080, 'fps': 60, 'scale': 1.40625, 'playfieldscale': 2.1807861328125, 'playfieldwidth': 1116.5625, 'playfieldheight': 837.421875, 'movedown': 128, 'moveright': 383, 'timeframe': 1000, 'settings': {'Cursor size': 1, 'In-game interface': True, 'Show scoreboard': True, 'Background dim': 100, 'Always show key overlay': True, 'Automatic cursor size': False, 'Rotate sliderball': False, 'Enable PP counter': True, 'Score meter size': 1.25, 'Song volume': 50, 'Effect volume': 100, 'Ignore beatmap hitsounds': False, "Use skin's sound samples": False, 'Global leaderboard': True, 'Mods leaderboard': 'HD', 'api key': 'b3a4c5add6bcd6c4e75613ea1b8caf663daa6402'}, 'codec': 'X264', 'process': 2, 'enablelog': True}
2020-07-09 15:46:13,473:TRACE:osr2mp4.osr2mp4.Osr2mp4:startall:CALL *() **{}
2020-07-09 15:46:13,473:TRACE:osr2mp4.osr2mp4.Osr2mp4:analyse_replay:CALL *() **{}
2020-07-09 15:46:13,621:TRACE:root:__init__:Diff {'ApproachRate': 9.6, 'CircleSize': 4.4, 'OverallDifficulty': 9.0, 'HPDrainRate': 4.0, 'BaseHPDrainRate': 4.0, 'BaseCircleSize': 4.4, 'BaseOverallDifficulty': 9.0, 'BaseApproachRate': 9.6, 'SliderMultiplier': 1.4, 'BaseSliderMultiplier': 1.4, 'SliderTickRate': 1.0, 'BaseSliderTickRate': 1.0}
2020-07-09 15:46:13,651:DEBUG:root:checkmain:Start check
2020-07-09 15:46:14,113:DEBUG:root:checkmain:check done
2020-07-09 15:46:14,113:TRACE:root:checkmain:RETURN Info(time=264317, combo=58, combostatus=1, showscore=106523817, score=106523817, accuracy={300: 2010, 100: 14, 50: 6, 0: 5}, clicks=[770, 1280, 1, 0], hitresult=50, timestamp=261883, id=2034, hp=0.7661749847412108, maxcombo=2173, more=Spinner(rotate=-940.4599892131989, progress=0.26157572756983716, bonusscore=0, hitvalue=0))
2020-07-09 15:46:14,113:TRACE:osr2mp4.osr2mp4.Osr2mp4:analyse_replay:RETURN None
2020-07-09 15:46:14,113:TRACE:osr2mp4.osr2mp4.Osr2mp4:startvideo:CALL *() **{}
2020-07-09 15:46:15,960:DEBUG:root:create_frame:Starting process
2020-07-09 15:46:15,967:DEBUG:root:create_frame:Start drawer 0
2020-07-09 15:46:15,969:DEBUG:root:create_frame:Start writer 0
2020-07-09 15:46:15,970:TRACE:root:draw:CALL (0, 172), False
2020-07-09 15:46:15,972:DEBUG:root:write:osr2mp4/8d9e5fcc-c1ea-11ea-a1bb-f01898109583temp/output0.mkv {'skin_path': '/Users/yuitora./Downloads/shige/', 'default_path': 'osr2mp4/res/default/', 'skin_ini': <osr2mp4.Parser.skinparser.Skin object at 0x11915ed50>, 'default_skin_ini': <osr2mp4.Parser.skinparser.Skin object at 0x11915ed50>, 'format': '.png', 'x2': '@2x', 'ffmpeg': 'ffmpeg', 'output': '/Users/yuitora./PycharmProjects/osr2mp4-core/output.mkv', 'beatmap': '/Users/yuitora./Downloads/logic/', 'osu': '/Users/yuitora./Documents/osu!.app/Contents/Resources/drive_c/osu!/', 'path': 'osr2mp4/', 'temp': 'osr2mp4/8d9e5fcc-c1ea-11ea-a1bb-f01898109583temp/', 'width': 1920, 'height': 1080, 'fps': 60, 'scale': 1.40625, 'playfieldscale': 2.1807861328125, 'playfieldwidth': 1116.5625, 'playfieldheight': 837.421875, 'movedown': 128, 'moveright': 383, 'timeframe': 1000, 'settings': {'Cursor size': 1, 'In-game interface': True, 'Show scoreboard': True, 'Background dim': 100, 'Always show key overlay': True, 'Automatic cursor size': False, 'Rotate sliderball': False, 'Enable PP counter': True, 'Score meter size': 1.25, 'Song volume': 50, 'Effect volume': 100, 'Ignore beatmap hitsounds': False, "Use skin's sound samples": False, 'Global leaderboard': True, 'Mods leaderboard': 'HD', 'api key': 'b3a4c5add6bcd6c4e75613ea1b8caf663daa6402'}, 'codec': 'X264', 'process': 2, 'enablelog': True} 

2020-07-09 15:46:15,975:DEBUG:root:draw:process start
2020-07-09 15:46:15,983:DEBUG:root:create_frame:Starting process
2020-07-09 15:46:15,985:DEBUG:root:create_frame:Start drawer 1
2020-07-09 15:46:15,988:DEBUG:root:create_frame:Start writer 1
2020-07-09 15:46:15,988:TRACE:root:draw:CALL (172, 345), False
2020-07-09 15:46:15,989:DEBUG:root:draw:process start
2020-07-09 15:46:15,993:DEBUG:root:write:osr2mp4/8d9e5fcc-c1ea-11ea-a1bb-f01898109583temp/output1.mkv {'skin_path': '/Users/yuitora./Downloads/shige/', 'default_path': 'osr2mp4/res/default/', 'skin_ini': <osr2mp4.Parser.skinparser.Skin object at 0x11915ed50>, 'default_skin_ini': <osr2mp4.Parser.skinparser.Skin object at 0x11915ed50>, 'format': '.png', 'x2': '@2x', 'ffmpeg': 'ffmpeg', 'output': '/Users/yuitora./PycharmProjects/osr2mp4-core/output.mkv', 'beatmap': '/Users/yuitora./Downloads/logic/', 'osu': '/Users/yuitora./Documents/osu!.app/Contents/Resources/drive_c/osu!/', 'path': 'osr2mp4/', 'temp': 'osr2mp4/8d9e5fcc-c1ea-11ea-a1bb-f01898109583temp/', 'width': 1920, 'height': 1080, 'fps': 60, 'scale': 1.40625, 'playfieldscale': 2.1807861328125, 'playfieldwidth': 1116.5625, 'playfieldheight': 837.421875, 'movedown': 128, 'moveright': 383, 'timeframe': 1000, 'settings': {'Cursor size': 1, 'In-game interface': True, 'Show scoreboard': True, 'Background dim': 100, 'Always show key overlay': True, 'Automatic cursor size': False, 'Rotate sliderball': False, 'Enable PP counter': True, 'Score meter size': 1.25, 'Song volume': 50, 'Effect volume': 100, 'Ignore beatmap hitsounds': False, "Use skin's sound samples": False, 'Global leaderboard': True, 'Mods leaderboard': 'HD', 'api key': 'b3a4c5add6bcd6c4e75613ea1b8caf663daa6402'}, 'codec': 'X264', 'process': 2, 'enablelog': True} 

2020-07-09 15:46:16,014:TRACE:osr2mp4.osr2mp4.Osr2mp4:startvideo:RETURN None
2020-07-09 15:46:16,015:TRACE:osr2mp4.osr2mp4.Osr2mp4:startaudio:CALL *() **{}
2020-07-09 15:46:16,076:DEBUG:urllib3.connectionpool:_new_conn:Starting new HTTPS connection (1): osu.ppy.sh:443
2020-07-09 15:46:16,078:DEBUG:urllib3.connectionpool:_new_conn:Starting new HTTPS connection (1): osu.ppy.sh:443
2020-07-09 15:46:16,270:DEBUG:root:write:start writing: 0.298527
2020-07-09 15:46:16,303:TRACE:osr2mp4.osr2mp4.Osr2mp4:startaudio:RETURN None
2020-07-09 15:46:16,303:TRACE:osr2mp4.osr2mp4.Osr2mp4:startall:RETURN None
2020-07-09 15:46:16,303:TRACE:osr2mp4.osr2mp4.Osr2mp4:joinall:CALL *() **{}
2020-07-09 15:46:16,304:TRACE:osr2mp4.osr2mp4.Osr2mp4:joinvideo:CALL *() **{}
2020-07-09 15:46:16,302:DEBUG:root:write:start writing: 0.310162
2020-07-09 15:46:17,485:DEBUG:pydub.converter:log_conversion:subprocess.call(['ffmpeg', '-y', '-i', '/Users/yuitora./Downloads/logic/normal-hitclap2.wav', '-acodec', 'pcm_s32le', '-vn', '-f', 'wav', '-'])
2020-07-09 15:46:17,552:DEBUG:pydub.converter:log_conversion:subprocess.call(['ffmpeg', '-y', '-i', '/Users/yuitora./Downloads/logic/soft-hitclap2.wav', '-acodec', 'pcm_s32le', '-vn', '-f', 'wav', '-'])
2020-07-09 15:46:17,932:DEBUG:urllib3.connectionpool:_make_request:https://osu.ppy.sh:443 "POST /api/get_scores HTTP/1.1" 200 None
2020-07-09 15:46:17,932:DEBUG:urllib3.connectionpool:_make_request:https://osu.ppy.sh:443 "POST /api/get_scores HTTP/1.1" 200 None
2020-07-09 15:46:17,981:TRACE:root:draw:PROCESS (172, 345), <osr2mp4.VideoProcess.Draw.Drawer object at 0x107431550>
2020-07-09 15:46:17,981:DEBUG:root:draw:setup done
2020-07-09 15:46:17,981:TRACE:root:draw:PROCESS (0, 172), <osr2mp4.VideoProcess.Draw.Drawer object at 0x107431550>
2020-07-09 15:46:17,982:TRACE:root:add_hitobjects:Adding osu object {'x': 138.0, 'y': 169.0, 'time': 1290, 'id': 0, 'BeatDuration': 540.5405405405411, 'stacking': 0, 'end time': 1290, 'end x': 138.0, 'end y': 169.0, 'hitSound': '0', 'hitSample': '0:0:0:0:', 'combo_color': 2, 'combo_number': 1, 'type': ['circle', 'new combo'], 'skip': 1, 'sound': 0}
FrameInfo(cur_time=779.9999999999999, index_hitobj=0, info_index=0, osr_index=80, index_fp=1, obj_endtime=2262.648628853464, x_end=84.0, y_end=106.0, break_index=0)
2020-07-09 15:46:17,982:DEBUG:root:draw:setup done
2020-07-09 15:46:18,010:TRACE:root:add_hitobjects:Adding osu object {'x': 219.0, 'y': 143.0, 'time': 1614, 'id': 1, 'BeatDuration': 540.5405405405411, 'stacking': 0, 'head not done': True, 'ps': [[219, 143], [160, 86], [83, 108]], 'slider type': 'P', 'pixel length': 167.999994873047, 'baiser': <osr2mp4.ImageProcess.Curves.curves.Perfect object at 0x11995d2d0>, 'repeated': 1, 'duration': 648.648628853464, 'end time': 2262.648628853464, 'end x': 84.0, 'end y': 106.0, 'slider ticks': [0.5000000152587881], 'ticks pos': [[161.94714083453192, 86.49793561469161]], 'arrow pos': [86.70162852147597, 104.46061354423423], 'ticks dist': [83.99999999999983], 'hitSound': '0', 'edgeSounds': '0|0', 'edgeSets': '0:0|0:0', 'hitSample': '0:0:0:0:', 'combo_color': 2, 'combo_number': 2, 'type': ['slider'], 'skip': 0, 'sound': 0}
FrameInfo(cur_time=1113.333333333333, index_hitobj=1, info_index=0, osr_index=102, index_fp=1, obj_endtime=2262.648628853464, x_end=84.0, y_end=106.0, break_index=0)
2020-07-09 15:46:18,296:TRACE:root:add_hitobjects:Adding osu object {'x': 199.0, 'y': 226.0, 'time': 2587, 'id': 2, 'BeatDuration': 540.5405405405411, 'stacking': 0, 'head not done': True, 'ps': [[199, 226], [241, 233]], 'slider type': 'L', 'pixel length': 41.9999987182618, 'baiser': <osr2mp4.ImageProcess.Curves.curves.Linear object at 0x11995d350>, 'repeated': 1, 'duration': 162.16215721336619, 'end time': 2749.1621572133663, 'end x': 240.0, 'end y': 232.0, 'slider ticks': [], 'ticks pos': [], 'arrow pos': [239.59997266591822, 232.76666211098637], 'ticks dist': [], 'hitSound': '0', 'edgeSounds': '0|0', 'edgeSets': '0:0|0:0', 'hitSample': '0:0:0:0:', 'combo_color': 2, 'combo_number': 3, 'type': ['slider'], 'skip': 0, 'sound': 0}
FrameInfo(cur_time=2080.0000000000036, index_hitobj=2, info_index=0, osr_index=165, index_fp=4, obj_endtime=3884, x_end=408.0, y_end=120.0, break_index=0)
2020-07-09 15:46:18,372:TRACE:root:write:Writing progress 2, 1, osr2mp4/8d9e5fcc-c1ea-11ea-a1bb-f01898109583temp/output1.mkv, 1594302376.307888
2020-07-09 15:46:18,381:TRACE:root:write:Writing progress 3, 1, osr2mp4/8d9e5fcc-c1ea-11ea-a1bb-f01898109583temp/output1.mkv, 1594302376.307888
2020-07-09 15:46:18,403:TRACE:root:write:Writing progress 4, 1, osr2mp4/8d9e5fcc-c1ea-11ea-a1bb-f01898109583temp/output1.mkv, 1594302376.307888
2020-07-09 15:46:18,416:TRACE:root:write:Writing progress 5, 1, osr2mp4/8d9e5fcc-c1ea-11ea-a1bb-f01898109583temp/output1.mkv, 1594302376.307888
2020-07-09 15:46:18,429:TRACE:root:write:Writing progress 6, 1, osr2mp4/8d9e5fcc-c1ea-11ea-a1bb-f01898109583temp/output1.mkv, 1594302376.307888
2020-07-09 15:46:18,451:TRACE:root:write:Writing progress 7, 1, osr2mp4/8d9e5fcc-c1ea-11ea-a1bb-f01898109583temp/output1.mkv, 1594302376.307888
2020-07-09 15:46:18,467:TRACE:root:write:Writing progress 8, 1, osr2mp4/8d9e5fcc-c1ea-11ea-a1bb-f01898109583temp/output1.mkv, 1594302376.307888
2020-07-09 15:46:18,483:TRACE:root:write:Writing progress 9, 1, osr2mp4/8d9e5fcc-c1ea-11ea-a1bb-f01898109583temp/output1.mkv, 1594302376.307888
2020-07-09 15:46:18,500:TRACE:root:write:Writing progress 10, 1, osr2mp4/8d9e5fcc-c1ea-11ea-a1bb-f01898109583temp/output1.mkv, 1594302376.307888
2020-07-09 15:46:18,515:TRACE:root:write:Writing progress 11, 1, osr2mp4/8d9e5fcc-c1ea-11ea-a1bb-f01898109583temp/output1.mkv, 1594302376.307888
2020-07-09 15:46:18,523:TRACE:root:write:Writing progress 12, 1, osr2mp4/8d9e5fcc-c1ea-11ea-a1bb-f01898109583temp/output1.mkv, 1594302376.307888
2020-07-09 15:46:18,534:TRACE:root:write:Writing progress 13, 1, osr2mp4/8d9e5fcc-c1ea-11ea-a1bb-f01898109583temp/output1.mkv, 1594302376.307888
2020-07-09 15:46:18,539:TRACE:root:add_hitobjects:Adding osu object {'x': 138.0, 'y': 169.0, 'time': 2911, 'id': 3, 'BeatDuration': 540.5405405405411, 'stacking': 0, 'head not done': True, 'ps': [[138, 169], [118, 251], [172, 309]], 'slider type': 'P', 'pixel length': 167.999994873047, 'baiser': <osr2mp4.ImageProcess.Curves.curves.Perfect object at 0x11995d590>, 'repeated': 1, 'duration': 648.648628853464, 'end time': 3559.648628853464, 'end x': 169.0, 'end y': 308.0, 'slider ticks': [0.5000000152587881], 'ticks pos': [[116.96989043726558, 246.92966404529898]], 'arrow pos': [166.51837211299866, 306.82436845244723], 'ticks dist': [83.99999999999983], 'hitSound': '0', 'edgeSounds': '0|0', 'edgeSets': '0:0|0:0', 'hitSample': '0:0:0:0:', 'combo_color': 2, 'combo_number': 4, 'type': ['slider'], 'skip': 0, 'sound': 0}
FrameInfo(cur_time=2413.333333333334, index_hitobj=3, info_index=0, osr_index=188, index_fp=4, obj_endtime=3884, x_end=408.0, y_end=120.0, break_index=0)
2020-07-09 15:46:18,544:TRACE:root:write:Writing progress 14, 1, osr2mp4/8d9e5fcc-c1ea-11ea-a1bb-f01898109583temp/output1.mkv, 1594302376.307888
2020-07-09 15:46:18,661:TRACE:root:write:Writing progress 15, 1, osr2mp4/8d9e5fcc-c1ea-11ea-a1bb-f01898109583temp/output1.mkv, 1594302376.307888
2020-07-09 15:46:18,674:TRACE:root:write:Writing progress 16, 1, osr2mp4/8d9e5fcc-c1ea-11ea-a1bb-f01898109583temp/output1.mkv, 1594302376.307888
2020-07-09 15:46:18,683:TRACE:root:write:Writing progress 17, 1, osr2mp4/8d9e5fcc-c1ea-11ea-a1bb-f01898109583temp/output1.mkv, 1594302376.307888
2020-07-09 15:46:18,696:TRACE:root:write:Writing progress 18, 1, osr2mp4/8d9e5fcc-c1ea-11ea-a1bb-f01898109583temp/output1.mkv, 1594302376.307888
2020-07-09 15:46:18,703:TRACE:root:write:Writing progress 19, 1, osr2mp4/8d9e5fcc-c1ea-11ea-a1bb-f01898109583temp/output1.mkv, 1594302376.307888
2020-07-09 15:46:18,714:TRACE:root:write:Writing progress 20, 1, osr2mp4/8d9e5fcc-c1ea-11ea-a1bb-f01898109583temp/output1.mkv, 1594302376.307888
2020-07-09 15:46:18,723:TRACE:root:write:Writing progress 21, 1, osr2mp4/8d9e5fcc-c1ea-11ea-a1bb-f01898109583temp/output1.mkv, 1594302376.307888
2020-07-09 15:46:18,733:TRACE:root:write:Writing progress 22, 1, osr2mp4/8d9e5fcc-c1ea-11ea-a1bb-f01898109583temp/output1.mkv, 1594302376.307888
2020-07-09 15:46:18,742:TRACE:root:write:Writing progress 23, 1, osr2mp4/8d9e5fcc-c1ea-11ea-a1bb-f01898109583temp/output1.mkv, 1594302376.307888
2020-07-09 15:46:18,752:TRACE:root:write:Writing progress 24, 1, osr2mp4/8d9e5fcc-c1ea-11ea-a1bb-f01898109583temp/output1.mkv, 1594302376.307888
2020-07-09 15:46:18,770:TRACE:root:write:Writing progress 25, 1, osr2mp4/8d9e5fcc-c1ea-11ea-a1bb-f01898109583temp/output1.mkv, 1594302376.307888
2020-07-09 15:46:18,780:TRACE:root:write:Writing progress 26, 1, osr2mp4/8d9e5fcc-c1ea-11ea-a1bb-f01898109583temp/output1.mkv, 1594302376.307888
2020-07-09 15:46:18,798:TRACE:root:write:Writing progress 27, 1, osr2mp4/8d9e5fcc-c1ea-11ea-a1bb-f01898109583temp/output1.mkv, 1594302376.307888
2020-07-09 15:46:18,804:TRACE:root:write:Writing progress 28, 1, osr2mp4/8d9e5fcc-c1ea-11ea-a1bb-f01898109583temp/output1.mkv, 1594302376.307888
2020-07-09 15:46:18,814:TRACE:root:write:Writing progress 29, 1, osr2mp4/8d9e5fcc-c1ea-11ea-a1bb-f01898109583temp/output1.mkv, 1594302376.307888
2020-07-09 15:46:18,823:TRACE:root:write:Writing progress 30, 1, osr2mp4/8d9e5fcc-c1ea-11ea-a1bb-f01898109583temp/output1.mkv, 1594302376.307888
2020-07-09 15:46:18,833:TRACE:root:write:Writing progress 31, 1, osr2mp4/8d9e5fcc-c1ea-11ea-a1bb-f01898109583temp/output1.mkv, 1594302376.307888
2020-07-09 15:46:18,842:TRACE:root:write:Writing progress 32, 1, osr2mp4/8d9e5fcc-c1ea-11ea-a1bb-f01898109583temp/output1.mkv, 1594302376.307888
2020-07-09 15:46:18,858:TRACE:root:write:Writing progress 33, 1, osr2mp4/8d9e5fcc-c1ea-11ea-a1bb-f01898109583temp/output1.mkv, 1594302376.307888
2020-07-09 15:46:18,866:TRACE:root:write:Writing progress 34, 1, osr2mp4/8d9e5fcc-c1ea-11ea-a1bb-f01898109583temp/output1.mkv, 1594302376.307888
2020-07-09 15:46:18,875:TRACE:root:write:Writing progress 35, 1, osr2mp4/8d9e5fcc-c1ea-11ea-a1bb-f01898109583temp/output1.mkv, 1594302376.307888
2020-07-09 15:46:18,892:TRACE:root:write:Writing progress 36, 1, osr2mp4/8d9e5fcc-c1ea-11ea-a1bb-f01898109583temp/output1.mkv, 1594302376.307888
2020-07-09 15:46:18,899:TRACE:root:write:Writing progress 37, 1, osr2mp4/8d9e5fcc-c1ea-11ea-a1bb-f01898109583temp/output1.mkv, 1594302376.307888
2020-07-09 15:46:18,909:TRACE:root:write:Writing progress 38, 1, osr2mp4/8d9e5fcc-c1ea-11ea-a1bb-f01898109583temp/output1.mkv, 1594302376.307888
2020-07-09 15:46:18,918:TRACE:root:write:Writing progress 39, 1, osr2mp4/8d9e5fcc-c1ea-11ea-a1bb-f01898109583temp/output1.mkv, 1594302376.307888
2020-07-09 15:46:18,926:TRACE:root:write:Writing progress 40, 1, osr2mp4/8d9e5fcc-c1ea-11ea-a1bb-f01898109583temp/output1.mkv, 1594302376.307888
2020-07-09 15:46:18,934:TRACE:root:write:Writing progress 41, 1, osr2mp4/8d9e5fcc-c1ea-11ea-a1bb-f01898109583temp/output1.mkv, 1594302376.307888
2020-07-09 15:46:18,941:TRACE:root:write:Writing progress 42, 1, osr2mp4/8d9e5fcc-c1ea-11ea-a1bb-f01898109583temp/output1.mkv, 1594302376.307888
2020-07-09 15:46:18,952:TRACE:root:write:Writing progress 43, 1, osr2mp4/8d9e5fcc-c1ea-11ea-a1bb-f01898109583temp/output1.mkv, 1594302376.307888
2020-07-09 15:46:18,969:TRACE:root:write:Writing progress 44, 1, osr2mp4/8d9e5fcc-c1ea-11ea-a1bb-f01898109583temp/output1.mkv, 1594302376.307888
2020-07-09 15:46:18,977:TRACE:root:write:Writing progress 45, 1, osr2mp4/8d9e5fcc-c1ea-11ea-a1bb-f01898109583temp/output1.mkv, 1594302376.307888
2020-07-09 15:46:18,993:TRACE:root:write:Writing progress 46, 1, osr2mp4/8d9e5fcc-c1ea-11ea-a1bb-f01898109583temp/output1.mkv, 1594302376.307888
2020-07-09 15:46:19,003:TRACE:root:write:Writing progress 47, 1, osr2mp4/8d9e5fcc-c1ea-11ea-a1bb-f01898109583temp/output1.mkv, 1594302376.307888
2020-07-09 15:46:19,012:TRACE:root:write:Writing progress 48, 1, osr2mp4/8d9e5fcc-c1ea-11ea-a1bb-f01898109583temp/output1.mkv, 1594302376.307888
2020-07-09 15:46:19,022:TRACE:root:write:Writing progress 49, 1, osr2mp4/8d9e5fcc-c1ea-11ea-a1bb-f01898109583temp/output1.mkv, 1594302376.307888
2020-07-09 15:46:19,029:TRACE:root:write:Writing progress 50, 1, osr2mp4/8d9e5fcc-c1ea-11ea-a1bb-f01898109583temp/output1.mkv, 1594302376.307888
2020-07-09 15:46:19,039:TRACE:root:write:Writing progress 51, 1, osr2mp4/8d9e5fcc-c1ea-11ea-a1bb-f01898109583temp/output1.mkv, 1594302376.307888
2020-07-09 15:46:19,047:TRACE:root:write:Writing progress 52, 1, osr2mp4/8d9e5fcc-c1ea-11ea-a1bb-f01898109583temp/output1.mkv, 1594302376.307888
2020-07-09 15:46:19,056:TRACE:root:write:Writing progress 53, 1, osr2mp4/8d9e5fcc-c1ea-11ea-a1bb-f01898109583temp/output1.mkv, 1594302376.307888
2020-07-09 15:46:19,066:TRACE:root:write:Writing progress 54, 1, osr2mp4/8d9e5fcc-c1ea-11ea-a1bb-f01898109583temp/output1.mkv, 1594302376.307888
2020-07-09 15:46:19,074:TRACE:root:write:Writing progress 55, 1, osr2mp4/8d9e5fcc-c1ea-11ea-a1bb-f01898109583temp/output1.mkv, 1594302376.307888
2020-07-09 15:46:19,084:TRACE:root:write:Writing progress 56, 1, osr2mp4/8d9e5fcc-c1ea-11ea-a1bb-f01898109583temp/output1.mkv, 1594302376.307888
2020-07-09 15:46:19,092:TRACE:root:write:Writing progress 57, 1, osr2mp4/8d9e5fcc-c1ea-11ea-a1bb-f01898109583temp/output1.mkv, 1594302376.307888
2020-07-09 15:46:19,101:TRACE:root:write:Writing progress 58, 1, osr2mp4/8d9e5fcc-c1ea-11ea-a1bb-f01898109583temp/output1.mkv, 1594302376.307888
2020-07-09 15:46:19,109:TRACE:root:write:Writing progress 59, 1, osr2mp4/8d9e5fcc-c1ea-11ea-a1bb-f01898109583temp/output1.mkv, 1594302376.307888
2020-07-09 15:46:19,117:TRACE:root:write:Writing progress 60, 1, osr2mp4/8d9e5fcc-c1ea-11ea-a1bb-f01898109583temp/output1.mkv, 1594302376.307888
2020-07-09 15:46:19,126:TRACE:root:write:Writing progress 61, 1, osr2mp4/8d9e5fcc-c1ea-11ea-a1bb-f01898109583temp/output1.mkv, 1594302376.307888
2020-07-09 15:46:19,134:TRACE:root:write:Writing progress 62, 1, osr2mp4/8d9e5fcc-c1ea-11ea-a1bb-f01898109583temp/output1.mkv, 1594302376.307888
2020-07-09 15:46:19,142:TRACE:root:write:Writing progress 63, 1, osr2mp4/8d9e5fcc-c1ea-11ea-a1bb-f01898109583temp/output1.mkv, 1594302376.307888
2020-07-09 15:46:19,152:TRACE:root:write:Writing progress 64, 1, osr2mp4/8d9e5fcc-c1ea-11ea-a1bb-f01898109583temp/output1.mkv, 1594302376.307888
2020-07-09 15:46:19,159:TRACE:root:write:Writing progress 65, 1, osr2mp4/8d9e5fcc-c1ea-11ea-a1bb-f01898109583temp/output1.mkv, 1594302376.307888
2020-07-09 15:46:19,177:TRACE:root:write:Writing progress 66, 1, osr2mp4/8d9e5fcc-c1ea-11ea-a1bb-f01898109583temp/output1.mkv, 1594302376.307888
2020-07-09 15:46:19,184:TRACE:root:write:Writing progress 67, 1, osr2mp4/8d9e5fcc-c1ea-11ea-a1bb-f01898109583temp/output1.mkv, 1594302376.307888
2020-07-09 15:46:19,196:TRACE:root:write:Writing progress 68, 1, osr2mp4/8d9e5fcc-c1ea-11ea-a1bb-f01898109583temp/output1.mkv, 1594302376.307888
2020-07-09 15:46:19,203:TRACE:root:write:Writing progress 69, 1, osr2mp4/8d9e5fcc-c1ea-11ea-a1bb-f01898109583temp/output1.mkv, 1594302376.307888
2020-07-09 15:46:19,211:TRACE:root:write:Writing progress 70, 1, osr2mp4/8d9e5fcc-c1ea-11ea-a1bb-f01898109583temp/output1.mkv, 1594302376.307888
2020-07-09 15:46:19,220:TRACE:root:write:Writing progress 71, 1, osr2mp4/8d9e5fcc-c1ea-11ea-a1bb-f01898109583temp/output1.mkv, 1594302376.307888
2020-07-09 15:46:19,223:TRACE:root:add_hitobjects:Adding osu object {'x': 408.0, 'y': 120.0, 'time': 3884, 'id': 4, 'BeatDuration': 540.5405405405411, 'stacking': 0, 'end time': 3884, 'end x': 408.0, 'end y': 120.0, 'hitSound': '0', 'hitSample': '0:0:0:0:', 'combo_color': 3, 'combo_number': 1, 'type': ['circle', 'new combo'], 'skip': 1, 'sound': 0}
FrameInfo(cur_time=3379.999999999992, index_hitobj=4, info_index=0, osr_index=253, index_fp=5, obj_endtime=4856.648628853464, x_end=419.0, y_end=38.0, break_index=0)
2020-07-09 15:46:19,229:TRACE:root:write:Writing progress 72, 1, osr2mp4/8d9e5fcc-c1ea-11ea-a1bb-f01898109583temp/output1.mkv, 1594302376.307888
2020-07-09 15:46:19,237:TRACE:root:write:Writing progress 73, 1, osr2mp4/8d9e5fcc-c1ea-11ea-a1bb-f01898109583temp/output1.mkv, 1594302376.307888
2020-07-09 15:46:19,246:TRACE:root:write:Writing progress 74, 1, osr2mp4/8d9e5fcc-c1ea-11ea-a1bb-f01898109583temp/output1.mkv, 1594302376.307888
2020-07-09 15:46:19,255:TRACE:root:write:Writing progress 75, 1, osr2mp4/8d9e5fcc-c1ea-11ea-a1bb-f01898109583temp/output1.mkv, 1594302376.307888
2020-07-09 15:46:19,263:TRACE:root:write:Writing progress 76, 1, osr2mp4/8d9e5fcc-c1ea-11ea-a1bb-f01898109583temp/output1.mkv, 1594302376.307888
2020-07-09 15:46:19,272:TRACE:root:write:Writing progress 77, 1, osr2mp4/8d9e5fcc-c1ea-11ea-a1bb-f01898109583temp/output1.mkv, 1594302376.307888
2020-07-09 15:46:19,280:TRACE:root:write:Writing progress 78, 1, osr2mp4/8d9e5fcc-c1ea-11ea-a1bb-f01898109583temp/output1.mkv, 1594302376.307888
2020-07-09 15:46:19,288:TRACE:root:write:Writing progress 79, 1, osr2mp4/8d9e5fcc-c1ea-11ea-a1bb-f01898109583temp/output1.mkv, 1594302376.307888
2020-07-09 15:46:19,297:TRACE:root:write:Writing progress 80, 1, osr2mp4/8d9e5fcc-c1ea-11ea-a1bb-f01898109583temp/output1.mkv, 1594302376.307888
2020-07-09 15:46:19,305:TRACE:root:write:Writing progress 81, 1, osr2mp4/8d9e5fcc-c1ea-11ea-a1bb-f01898109583temp/output1.mkv, 1594302376.307888
2020-07-09 15:46:19,322:TRACE:root:write:Writing progress 82, 1, osr2mp4/8d9e5fcc-c1ea-11ea-a1bb-f01898109583temp/output1.mkv, 1594302376.307888
2020-07-09 15:46:19,329:TRACE:root:write:Writing progress 83, 1, osr2mp4/8d9e5fcc-c1ea-11ea-a1bb-f01898109583temp/output1.mkv, 1594302376.307888
2020-07-09 15:46:19,350:TRACE:root:write:Writing progress 84, 1, osr2mp4/8d9e5fcc-c1ea-11ea-a1bb-f01898109583temp/output1.mkv, 1594302376.307888
2020-07-09 15:46:19,359:TRACE:root:write:Writing progress 85, 1, osr2mp4/8d9e5fcc-c1ea-11ea-a1bb-f01898109583temp/output1.mkv, 1594302376.307888
2020-07-09 15:46:19,370:TRACE:root:write:Writing progress 86, 1, osr2mp4/8d9e5fcc-c1ea-11ea-a1bb-f01898109583temp/output1.mkv, 1594302376.307888
2020-07-09 15:46:19,379:TRACE:root:write:Writing progress 87, 1, osr2mp4/8d9e5fcc-c1ea-11ea-a1bb-f01898109583temp/output1.mkv, 1594302376.307888
2020-07-09 15:46:19,388:TRACE:root:write:Writing progress 88, 1, osr2mp4/8d9e5fcc-c1ea-11ea-a1bb-f01898109583temp/output1.mkv, 1594302376.307888
2020-07-09 15:46:19,395:TRACE:root:write:Writing progress 89, 1, osr2mp4/8d9e5fcc-c1ea-11ea-a1bb-f01898109583temp/output1.mkv, 1594302376.307888
2020-07-09 15:46:19,404:TRACE:root:write:Writing progress 90, 1, osr2mp4/8d9e5fcc-c1ea-11ea-a1bb-f01898109583temp/output1.mkv, 1594302376.307888
2020-07-09 15:46:19,411:TRACE:root:write:Writing progress 91, 1, osr2mp4/8d9e5fcc-c1ea-11ea-a1bb-f01898109583temp/output1.mkv, 1594302376.307888
2020-07-09 15:46:19,414:TRACE:root:add_hitobjects:Adding osu object {'x': 479.0, 'y': 165.0, 'time': 4208, 'id': 5, 'BeatDuration': 540.5405405405411, 'stacking': 0, 'head not done': True, 'ps': [[479, 165], [484, 83], [418, 38]], 'slider type': 'P', 'pixel length': 167.999994873047, 'baiser': <osr2mp4.ImageProcess.Curves.curves.Perfect object at 0x11995d610>, 'repeated': 1, 'duration': 648.648628853464, 'end time': 4856.648628853464, 'end x': 419.0, 'end y': 38.0, 'slider ticks': [0.5000000152587881], 'ticks pos': [[484.8917687645093, 84.84030450538351]], 'arrow pos': [422.80295930347205, 38.57543100257112], 'ticks dist': [83.99999999999983], 'hitSound': '0', 'edgeSounds': '0|0', 'edgeSets': '0:0|0:0', 'hitSample': '0:0:0:0:', 'combo_color': 3, 'combo_number': 2, 'type': ['slider'], 'skip': 0, 'sound': 0}
FrameInfo(cur_time=3713.333333333322, index_hitobj=5, info_index=0, osr_index=276, index_fp=5, obj_endtime=4856.648628853464, x_end=419.0, y_end=38.0, break_index=0)
2020-07-09 15:46:19,419:TRACE:root:write:Writing progress 92, 1, osr2mp4/8d9e5fcc-c1ea-11ea-a1bb-f01898109583temp/output1.mkv, 1594302376.307888
2020-07-09 15:46:19,479:TRACE:root:write:Writing progress 93, 1, osr2mp4/8d9e5fcc-c1ea-11ea-a1bb-f01898109583temp/output1.mkv, 1594302376.307888
2020-07-09 15:46:19,490:TRACE:root:write:Writing progress 94, 1, osr2mp4/8d9e5fcc-c1ea-11ea-a1bb-f01898109583temp/output1.mkv, 1594302376.307888
2020-07-09 15:46:19,498:TRACE:root:write:Writing progress 95, 1, osr2mp4/8d9e5fcc-c1ea-11ea-a1bb-f01898109583temp/output1.mkv, 1594302376.307888
2020-07-09 15:46:19,507:TRACE:root:write:Writing progress 96, 1, osr2mp4/8d9e5fcc-c1ea-11ea-a1bb-f01898109583temp/output1.mkv, 1594302376.307888
2020-07-09 15:46:19,515:TRACE:root:write:Writing progress 97, 1, osr2mp4/8d9e5fcc-c1ea-11ea-a1bb-f01898109583temp/output1.mkv, 1594302376.307888
2020-07-09 15:46:19,524:TRACE:root:write:Writing progress 98, 1, osr2mp4/8d9e5fcc-c1ea-11ea-a1bb-f01898109583temp/output1.mkv, 1594302376.307888
2020-07-09 15:46:19,533:TRACE:root:write:Writing progress 99, 1, osr2mp4/8d9e5fcc-c1ea-11ea-a1bb-f01898109583temp/output1.mkv, 1594302376.307888
2020-07-09 15:46:19,541:TRACE:root:write:Writing progress 100, 1, osr2mp4/8d9e5fcc-c1ea-11ea-a1bb-f01898109583temp/output1.mkv, 1594302376.307888
2020-07-09 15:46:19,551:TRACE:root:write:Writing progress 101, 1, osr2mp4/8d9e5fcc-c1ea-11ea-a1bb-f01898109583temp/output1.mkv, 1594302376.307888
2020-07-09 15:46:19,559:TRACE:root:write:Writing progress 102, 1, osr2mp4/8d9e5fcc-c1ea-11ea-a1bb-f01898109583temp/output1.mkv, 1594302376.307888
2020-07-09 15:46:19,568:TRACE:root:write:Writing progress 103, 1, osr2mp4/8d9e5fcc-c1ea-11ea-a1bb-f01898109583temp/output1.mkv, 1594302376.307888
2020-07-09 15:46:19,584:TRACE:root:write:Writing progress 104, 1, osr2mp4/8d9e5fcc-c1ea-11ea-a1bb-f01898109583temp/output1.mkv, 1594302376.307888
2020-07-09 15:46:19,592:TRACE:root:write:Writing progress 105, 1, osr2mp4/8d9e5fcc-c1ea-11ea-a1bb-f01898109583temp/output1.mkv, 1594302376.307888
2020-07-09 15:46:19,600:TRACE:root:write:Writing progress 106, 1, osr2mp4/8d9e5fcc-c1ea-11ea-a1bb-f01898109583temp/output1.mkv, 1594302376.307888
2020-07-09 15:46:19,610:TRACE:root:write:Writing progress 107, 1, osr2mp4/8d9e5fcc-c1ea-11ea-a1bb-f01898109583temp/output1.mkv, 1594302376.307888
2020-07-09 15:46:19,618:TRACE:root:write:Writing progress 108, 1, osr2mp4/8d9e5fcc-c1ea-11ea-a1bb-f01898109583temp/output1.mkv, 1594302376.307888
2020-07-09 15:46:19,625:TRACE:root:write:Writing progress 109, 1, osr2mp4/8d9e5fcc-c1ea-11ea-a1bb-f01898109583temp/output1.mkv, 1594302376.307888
2020-07-09 15:46:19,634:TRACE:root:write:Writing progress 110, 1, osr2mp4/8d9e5fcc-c1ea-11ea-a1bb-f01898109583temp/output1.mkv, 1594302376.307888
2020-07-09 15:46:19,644:TRACE:root:write:Writing progress 111, 1, osr2mp4/8d9e5fcc-c1ea-11ea-a1bb-f01898109583temp/output1.mkv, 1594302376.307888
2020-07-09 15:46:19,655:TRACE:root:write:Writing progress 112, 1, osr2mp4/8d9e5fcc-c1ea-11ea-a1bb-f01898109583temp/output1.mkv, 1594302376.307888
2020-07-09 15:46:19,663:TRACE:root:write:Writing progress 113, 1, osr2mp4/8d9e5fcc-c1ea-11ea-a1bb-f01898109583temp/output1.mkv, 1594302376.307888
2020-07-09 15:46:19,672:TRACE:root:write:Writing progress 114, 1, osr2mp4/8d9e5fcc-c1ea-11ea-a1bb-f01898109583temp/output1.mkv, 1594302376.307888
2020-07-09 15:46:19,681:TRACE:root:write:Writing progress 115, 1, osr2mp4/8d9e5fcc-c1ea-11ea-a1bb-f01898109583temp/output1.mkv, 1594302376.307888
2020-07-09 15:46:19,689:TRACE:root:write:Writing progress 116, 1, osr2mp4/8d9e5fcc-c1ea-11ea-a1bb-f01898109583temp/output1.mkv, 1594302376.307888
2020-07-09 15:46:19,698:TRACE:root:write:Writing progress 117, 1, osr2mp4/8d9e5fcc-c1ea-11ea-a1bb-f01898109583temp/output1.mkv, 1594302376.307888
2020-07-09 15:46:19,707:TRACE:root:write:Writing progress 118, 1, osr2mp4/8d9e5fcc-c1ea-11ea-a1bb-f01898109583temp/output1.mkv, 1594302376.307888
2020-07-09 15:46:19,715:TRACE:root:write:Writing progress 119, 1, osr2mp4/8d9e5fcc-c1ea-11ea-a1bb-f01898109583temp/output1.mkv, 1594302376.307888
2020-07-09 15:46:19,722:TRACE:root:write:Writing progress 120, 1, osr2mp4/8d9e5fcc-c1ea-11ea-a1bb-f01898109583temp/output1.mkv, 1594302376.307888
2020-07-09 15:46:19,730:TRACE:root:write:Writing progress 121, 1, osr2mp4/8d9e5fcc-c1ea-11ea-a1bb-f01898109583temp/output1.mkv, 1594302376.307888
2020-07-09 15:46:19,747:TRACE:root:write:Writing progress 122, 1, osr2mp4/8d9e5fcc-c1ea-11ea-a1bb-f01898109583temp/output1.mkv, 1594302376.307888
2020-07-09 15:46:19,754:TRACE:root:write:Writing progress 123, 1, osr2mp4/8d9e5fcc-c1ea-11ea-a1bb-f01898109583temp/output1.mkv, 1594302376.307888
2020-07-09 15:46:19,769:TRACE:root:write:Writing progress 124, 1, osr2mp4/8d9e5fcc-c1ea-11ea-a1bb-f01898109583temp/output1.mkv, 1594302376.307888
2020-07-09 15:46:19,779:TRACE:root:write:Writing progress 125, 1, osr2mp4/8d9e5fcc-c1ea-11ea-a1bb-f01898109583temp/output1.mkv, 1594302376.307888
2020-07-09 15:46:19,793:TRACE:root:write:Writing progress 126, 1, osr2mp4/8d9e5fcc-c1ea-11ea-a1bb-f01898109583temp/output1.mkv, 1594302376.307888
2020-07-09 15:46:19,800:TRACE:root:write:Writing progress 127, 1, osr2mp4/8d9e5fcc-c1ea-11ea-a1bb-f01898109583temp/output1.mkv, 1594302376.307888
2020-07-09 15:46:19,808:TRACE:root:write:Writing progress 128, 1, osr2mp4/8d9e5fcc-c1ea-11ea-a1bb-f01898109583temp/output1.mkv, 1594302376.307888
2020-07-09 15:46:19,816:TRACE:root:write:Writing progress 129, 1, osr2mp4/8d9e5fcc-c1ea-11ea-a1bb-f01898109583temp/output1.mkv, 1594302376.307888
2020-07-09 15:46:19,825:TRACE:root:write:Writing progress 130, 1, osr2mp4/8d9e5fcc-c1ea-11ea-a1bb-f01898109583temp/output1.mkv, 1594302376.307888
2020-07-09 15:46:19,832:TRACE:root:write:Writing progress 131, 1, osr2mp4/8d9e5fcc-c1ea-11ea-a1bb-f01898109583temp/output1.mkv, 1594302376.307888
2020-07-09 15:46:19,843:TRACE:root:write:Writing progress 132, 1, osr2mp4/8d9e5fcc-c1ea-11ea-a1bb-f01898109583temp/output1.mkv, 1594302376.307888
2020-07-09 15:46:19,851:TRACE:root:write:Writing progress 133, 1, osr2mp4/8d9e5fcc-c1ea-11ea-a1bb-f01898109583temp/output1.mkv, 1594302376.307888
2020-07-09 15:46:19,860:TRACE:root:write:Writing progress 134, 1, osr2mp4/8d9e5fcc-c1ea-11ea-a1bb-f01898109583temp/output1.mkv, 1594302376.307888
2020-07-09 15:46:19,870:TRACE:root:write:Writing progress 135, 1, osr2mp4/8d9e5fcc-c1ea-11ea-a1bb-f01898109583temp/output1.mkv, 1594302376.307888
2020-07-09 15:46:19,879:TRACE:root:write:Writing progress 136, 1, osr2mp4/8d9e5fcc-c1ea-11ea-a1bb-f01898109583temp/output1.mkv, 1594302376.307888
2020-07-09 15:46:19,887:TRACE:root:write:Writing progress 137, 1, osr2mp4/8d9e5fcc-c1ea-11ea-a1bb-f01898109583temp/output1.mkv, 1594302376.307888
2020-07-09 15:46:19,897:TRACE:root:write:Writing progress 138, 1, osr2mp4/8d9e5fcc-c1ea-11ea-a1bb-f01898109583temp/output1.mkv, 1594302376.307888
2020-07-09 15:46:19,906:TRACE:root:write:Writing progress 139, 1, osr2mp4/8d9e5fcc-c1ea-11ea-a1bb-f01898109583temp/output1.mkv, 1594302376.307888
2020-07-09 15:46:19,914:TRACE:root:write:Writing progress 140, 1, osr2mp4/8d9e5fcc-c1ea-11ea-a1bb-f01898109583temp/output1.mkv, 1594302376.307888
2020-07-09 15:46:19,922:TRACE:root:write:Writing progress 141, 1, osr2mp4/8d9e5fcc-c1ea-11ea-a1bb-f01898109583temp/output1.mkv, 1594302376.307888
2020-07-09 15:46:19,930:TRACE:root:write:Writing progress 142, 1, osr2mp4/8d9e5fcc-c1ea-11ea-a1bb-f01898109583temp/output1.mkv, 1594302376.307888
2020-07-09 15:46:19,947:TRACE:root:write:Writing progress 143, 1, osr2mp4/8d9e5fcc-c1ea-11ea-a1bb-f01898109583temp/output1.mkv, 1594302376.307888
2020-07-09 15:46:19,957:TRACE:root:write:Writing progress 144, 1, osr2mp4/8d9e5fcc-c1ea-11ea-a1bb-f01898109583temp/output1.mkv, 1594302376.307888
2020-07-09 15:46:19,966:TRACE:root:write:Writing progress 145, 1, osr2mp4/8d9e5fcc-c1ea-11ea-a1bb-f01898109583temp/output1.mkv, 1594302376.307888
2020-07-09 15:46:19,973:TRACE:root:write:Writing progress 146, 1, osr2mp4/8d9e5fcc-c1ea-11ea-a1bb-f01898109583temp/output1.mkv, 1594302376.307888
2020-07-09 15:46:19,984:TRACE:root:write:Writing progress 147, 1, osr2mp4/8d9e5fcc-c1ea-11ea-a1bb-f01898109583temp/output1.mkv, 1594302376.307888
2020-07-09 15:46:19,992:TRACE:root:write:Writing progress 148, 1, osr2mp4/8d9e5fcc-c1ea-11ea-a1bb-f01898109583temp/output1.mkv, 1594302376.307888
2020-07-09 15:46:20,003:TRACE:root:write:Writing progress 149, 1, osr2mp4/8d9e5fcc-c1ea-11ea-a1bb-f01898109583temp/output1.mkv, 1594302376.307888
2020-07-09 15:46:20,006:TRACE:root:add_hitobjects:Adding osu object {'x': 403.0, 'y': 203.0, 'time': 5181, 'id': 6, 'BeatDuration': 540.5405405405411, 'stacking': 0, 'head not done': True, 'ps': [[403, 203], [424, 239]], 'slider type': 'L', 'pixel length': 41.9999987182618, 'baiser': <osr2mp4.ImageProcess.Curves.curves.Linear object at 0x10722c9d0>, 'repeated': 1, 'duration': 162.16215721336619, 'end time': 5343.162157213366, 'end x': 424.0, 'end y': 239.0, 'slider ticks': [], 'ticks pos': [], 'arrow pos': [423.73933077765724, 238.55313847598387], 'ticks dist': [], 'hitSound': '0', 'edgeSounds': '0|0', 'edgeSets': '0:0|0:0', 'hitSample': '0:0:0:0:', 'combo_color': 3, 'combo_number': 3, 'type': ['slider'], 'skip': 0, 'sound': 0}
FrameInfo(cur_time=4679.999999999996, index_hitobj=6, info_index=0, osr_index=339, index_fp=8, obj_endtime=6479, x_end=100.0, y_end=92.0, break_index=0)
2020-07-09 15:46:20,010:TRACE:root:write:Writing progress 150, 1, osr2mp4/8d9e5fcc-c1ea-11ea-a1bb-f01898109583temp/output1.mkv, 1594302376.307888
2020-07-09 15:46:20,038:TRACE:root:write:Writing progress 151, 1, osr2mp4/8d9e5fcc-c1ea-11ea-a1bb-f01898109583temp/output1.mkv, 1594302376.307888
2020-07-09 15:46:20,047:TRACE:root:write:Writing progress 152, 1, osr2mp4/8d9e5fcc-c1ea-11ea-a1bb-f01898109583temp/output1.mkv, 1594302376.307888
2020-07-09 15:46:20,056:TRACE:root:write:Writing progress 153, 1, osr2mp4/8d9e5fcc-c1ea-11ea-a1bb-f01898109583temp/output1.mkv, 1594302376.307888
2020-07-09 15:46:20,067:TRACE:root:write:Writing progress 154, 1, osr2mp4/8d9e5fcc-c1ea-11ea-a1bb-f01898109583temp/output1.mkv, 1594302376.307888
2020-07-09 15:46:20,077:TRACE:root:write:Writing progress 155, 1, osr2mp4/8d9e5fcc-c1ea-11ea-a1bb-f01898109583temp/output1.mkv, 1594302376.307888
2020-07-09 15:46:20,081:DEBUG:root:draw:
process done (172, 345), <osr2mp4.VideoProcess.Draw.Drawer object at 0x107431550>
2020-07-09 15:46:20,081:DEBUG:root:draw:Drawing time: 0
2020-07-09 15:46:20,082:DEBUG:root:draw:Total time: 4.094321966171265
2020-07-09 15:46:20,083:DEBUG:root:draw:Waiting time: 0.3242025375366211
2020-07-09 15:46:20,083:DEBUG:root:draw:Changing value time: 0.01464700698852539
2020-07-09 15:46:20,085:TRACE:root:write:Writing progress 156, 1, osr2mp4/8d9e5fcc-c1ea-11ea-a1bb-f01898109583temp/output1.mkv, 1594302376.307888
2020-07-09 15:46:20,124:DEBUG:root:write:
Writing done osr2mp4/8d9e5fcc-c1ea-11ea-a1bb-f01898109583temp/output1.mkv
2020-07-09 15:46:20,124:DEBUG:root:write:Writing time: 0.8672683238983154
2020-07-09 15:46:20,124:DEBUG:root:write:Total time: 4.132320165634155
2020-07-09 15:46:20,125:DEBUG:root:write:Waiting time: 2.544239044189453
2020-07-09 15:46:20,125:DEBUG:root:write:Changing value time: 0.2611689567565918
2020-07-09 15:46:20,327:TRACE:root:add_hitobjects:Adding osu object {'x': 138.0, 'y': 169.0, 'time': 1290, 'id': 0, 'BeatDuration': 540.5405405405411, 'stacking': 0, 'end time': 1290, 'end x': 138.0, 'end y': 169.0, 'hitSound': '0', 'hitSample': '0:0:0:0:', 'combo_color': 2, 'combo_number': 1, 'type': ['circle', 'new combo'], 'skip': 1, 'sound': 0}
FrameInfo(cur_time=796.6666666666662, index_hitobj=0, info_index=0, osr_index=83, index_fp=1, obj_endtime=2262.648628853464, x_end=84.0, y_end=106.0, break_index=0)
2020-07-09 15:46:20,447:TRACE:root:add_hitobjects:Adding osu object {'x': 219.0, 'y': 143.0, 'time': 1614, 'id': 1, 'BeatDuration': 540.5405405405411, 'stacking': 0, 'head not done': True, 'ps': [[219, 143], [160, 86], [83, 108]], 'slider type': 'P', 'pixel length': 167.999994873047, 'baiser': <osr2mp4.ImageProcess.Curves.curves.Perfect object at 0x11995d2d0>, 'repeated': 1, 'duration': 648.648628853464, 'end time': 2262.648628853464, 'end x': 84.0, 'end y': 106.0, 'slider ticks': [0.5000000152587881], 'ticks pos': [[161.94714083453192, 86.49793561469161]], 'arrow pos': [86.70162852147597, 104.46061354423423], 'ticks dist': [83.99999999999983], 'hitSound': '0', 'edgeSounds': '0|0', 'edgeSets': '0:0|0:0', 'hitSample': '0:0:0:0:', 'combo_color': 2, 'combo_number': 2, 'type': ['slider'], 'skip': 0, 'sound': 0}
FrameInfo(cur_time=1113.3333333333328, index_hitobj=1, info_index=0, osr_index=102, index_fp=1, obj_endtime=2262.648628853464, x_end=84.0, y_end=106.0, break_index=0)
2020-07-09 15:46:20,861:TRACE:root:add_hitobjects:Adding osu object {'x': 199.0, 'y': 226.0, 'time': 2587, 'id': 2, 'BeatDuration': 540.5405405405411, 'stacking': 0, 'head not done': True, 'ps': [[199, 226], [241, 233]], 'slider type': 'L', 'pixel length': 41.9999987182618, 'baiser': <osr2mp4.ImageProcess.Curves.curves.Linear object at 0x11995d350>, 'repeated': 1, 'duration': 162.16215721336619, 'end time': 2749.1621572133663, 'end x': 240.0, 'end y': 232.0, 'slider ticks': [], 'ticks pos': [], 'arrow pos': [239.59997266591822, 232.76666211098637], 'ticks dist': [], 'hitSound': '0', 'edgeSounds': '0|0', 'edgeSets': '0:0|0:0', 'hitSample': '0:0:0:0:', 'combo_color': 2, 'combo_number': 3, 'type': ['slider'], 'skip': 0, 'sound': 0}
FrameInfo(cur_time=2080.0000000000036, index_hitobj=2, info_index=0, osr_index=165, index_fp=4, obj_endtime=3884, x_end=408.0, y_end=120.0, break_index=0)
2020-07-09 15:46:20,923:DEBUG:root:draw:
process done (0, 172), <osr2mp4.VideoProcess.Draw.Drawer object at 0x107431550>
2020-07-09 15:46:20,923:DEBUG:root:draw:Drawing time: 0
2020-07-09 15:46:20,923:DEBUG:root:draw:Total time: 4.953709125518799
2020-07-09 15:46:20,923:DEBUG:root:draw:Waiting time: 0.35190844535827637
2020-07-09 15:46:20,924:DEBUG:root:draw:Changing value time: 0.012697935104370117
2020-07-09 15:46:20,968:DEBUG:root:write:
Writing done osr2mp4/8d9e5fcc-c1ea-11ea-a1bb-f01898109583temp/output0.mkv
2020-07-09 15:46:20,969:DEBUG:root:write:Writing time: 1.0012202262878418
2020-07-09 15:46:20,969:DEBUG:root:write:Total time: 4.997305870056152
2020-07-09 15:46:20,969:DEBUG:root:write:Waiting time: 3.3592207431793213
2020-07-09 15:46:20,969:DEBUG:root:write:Changing value time: 0.2932736873626709
2020-07-09 15:46:20,993:TRACE:osr2mp4.osr2mp4.Osr2mp4:joinvideo:RETURN None
2020-07-09 15:46:20,994:TRACE:osr2mp4.osr2mp4.Osr2mp4:joinaudio:CALL *() **{}
2020-07-09 15:46:20,994:TRACE:osr2mp4.osr2mp4.Osr2mp4:joinaudio:RETURN None
2020-07-09 15:46:21,475:TRACE:osr2mp4.osr2mp4.Osr2mp4:joinall:RETURN None
2020-07-09 15:46:21,593:TRACE:osr2mp4.osr2mp4.Osr2mp4:cleanup:CALL *() **{}
2020-07-09 15:46:21,595:TRACE:osr2mp4.osr2mp4.Osr2mp4:cleanup:RETURN None
